<?xml version="1.0" encoding="UTF-8"?>
<!-- Generated by org.testng.reporters.JUnitReportReporter -->
<testsuite hostname="DESKTOP-FTN5AAV" failures="0" tests="1" name="driverFactory.Testscript" time="43.605" errors="0" timestamp="2024-08-28T17:30:43 IST" skipped="0">
  <testcase classname="driverFactory.Testscript" name="starttest" time="43.605">
    <system-out>
      <![CDATA[No fi rows are:5
Add Supplier is success::Supplier-00000004761 Supplier-00000004761
Add Supplier is success::Supplier-00000004762 Supplier-00000004762
Add Supplier is success::Supplier-00000004763 Supplier-00000004763
Add Supplier is success::Supplier-00000004764 Supplier-00000004764
Add Supplier is success::Supplier-00000004765 Supplier-00000004765]]>
    </system-out>
  </testcase> <!-- starttest -->
  <system-out>
    <![CDATA[No fi rows are:5
Add Supplier is success::Supplier-00000004761 Supplier-00000004761
Add Supplier is success::Supplier-00000004762 Supplier-00000004762
Add Supplier is success::Supplier-00000004763 Supplier-00000004763
Add Supplier is success::Supplier-00000004764 Supplier-00000004764
Add Supplier is success::Supplier-00000004765 Supplier-00000004765]]>
  </system-out>
</testsuite> <!-- driverFactory.Testscript -->
