<?xml version="1.0" encoding="UTF-8"?>
<!-- Generated by org.testng.reporters.JUnitReportReporter -->
<testsuite hostname="DESKTOP-FTN5AAV" failures="0" tests="1" name="driverFactory.DriverScript" time="81.034" errors="0" timestamp="2024-08-24T17:29:58 IST" skipped="0">
  <testcase classname="driverFactory.DriverScript" name="StartTest" time="81.034">
    <system-out>
      <![CDATA[No of rows are:7
Login Success::dashboard http://webapp.qedgetech.com/dashboard.php
Incorrect user ID or password dashboard http://webapp.qedgetech.com/login.php
Login Success::dashboard http://webapp.qedgetech.com/dashboard.php
Incorrect user ID or password dashboard http://webapp.qedgetech.com/login.php
Login Success::dashboard http://webapp.qedgetech.com/dashboard.php
Login Success::dashboard http://webapp.qedgetech.com/dashboard.php
Incorrect user ID or password dashboard http://webapp.qedgetech.com/login.php]]>
    </system-out>
  </testcase> <!-- StartTest -->
  <system-out>
    <![CDATA[No of rows are:7
Login Success::dashboard http://webapp.qedgetech.com/dashboard.php
Incorrect user ID or password dashboard http://webapp.qedgetech.com/login.php
Login Success::dashboard http://webapp.qedgetech.com/dashboard.php
Incorrect user ID or password dashboard http://webapp.qedgetech.com/login.php
Login Success::dashboard http://webapp.qedgetech.com/dashboard.php
Login Success::dashboard http://webapp.qedgetech.com/dashboard.php
Incorrect user ID or password dashboard http://webapp.qedgetech.com/login.php]]>
  </system-out>
</testsuite> <!-- driverFactory.DriverScript -->
